2025/10/01 00:16:59 [emerg] 1472#20680: unknown "request_url" variable
2025/10/01 00:18:49 [emerg] 19976#12348: unknown "request_url" variable
2025/10/01 00:19:02 [emerg] 20904#20924: unexpected "}" in C:\Users\User\Desktop\projects\dis_tub\nginx-1.28.0\nginx-1.28.0/conf/nginx.conf:112
2025/10/01 00:19:27 [notice] 1352#5520: signal process started
2025/10/01 00:19:27 [error] 1352#5520: CreateFile() "C:\Users\User\Desktop\projects\dis_tub\nginx-1.28.0\nginx-1.28.0/logs/nginx.pid" failed (2: The system cannot find the file specified)
2025/10/01 00:20:04 [notice] 20092#19192: signal process started
2025/10/01 00:20:04 [error] 20092#19192: invalid PID number "" in "C:\Users\User\Desktop\projects\dis_tub\nginx-1.28.0\nginx-1.28.0/logs/nginx.pid"
2025/10/01 00:20:26 [notice] 10996#7856: signal process started
2025/10/01 00:20:26 [error] 10996#7856: invalid PID number "" in "C:\Users\User\Desktop\projects\dis_tub\nginx-1.28.0\nginx-1.28.0/logs/nginx.pid"
2025/10/01 00:21:22 [notice] 18816#21692: signal process started
2025/10/01 00:21:22 [error] 18816#21692: invalid PID number "" in "C:\Users\User\Desktop\projects\dis_tub\nginx-1.28.0\nginx-1.28.0/logs/nginx.pid"
2025/10/01 00:21:26 [notice] 60#21492: signal process started
2025/10/01 00:21:26 [error] 60#21492: invalid PID number "" in "C:\Users\User\Desktop\projects\dis_tub\nginx-1.28.0\nginx-1.28.0/logs/nginx.pid"
2025/10/01 00:21:39 [notice] 21564#8496: signal process started
2025/10/01 00:22:52 [emerg] 2152#8844: unknown "request_url" variable
2025/10/01 00:24:16 [notice] 17428#11988: signal process started
2025/10/01 00:24:46 [notice] 20812#17808: signal process started
2025/10/01 00:26:38 [notice] 17036#6092: signal process started
2025/10/01 00:28:14 [notice] 17720#7988: signal process started
2025/10/01 00:31:35 [notice] 32#13268: signal process started
